<?xml version="1.0" encoding="UTF-8"?>
<!-- Generated by org.testng.reporters.JUnitReportReporter -->
<testsuite hostname="DESKTOP-1BLE9HI" failures="0" tests="7" name="Guru99cartPageTest.guruPageTest" time="3.397" errors="0" timestamp="2024-06-20T10:07:28 IST" skipped="0">
  <testcase classname="Guru99cartPageTest.guruPageTest" name="testquantity" time="0.583"/>
  <system-out/>
  <testcase classname="Guru99cartPageTest.guruPageTest" name="selectdrop" time="0.991"/>
  <system-out/>
  <testcase classname="Guru99cartPageTest.guruPageTest" name="testCardNumber" time="0.245"/>
  <system-out/>
  <testcase classname="Guru99cartPageTest.guruPageTest" name="testmonth" time="0.628"/>
  <system-out/>
  <testcase classname="Guru99cartPageTest.guruPageTest" name="testyear" time="0.719"/>
  <system-out/>
  <testcase classname="Guru99cartPageTest.guruPageTest" name="testcod" time="0.138"/>
  <system-out/>
  <testcase classname="Guru99cartPageTest.guruPageTest" name="testclick" time="0.093"/>
  <system-out/>
</testsuite> <!-- Guru99cartPageTest.guruPageTest -->
