<?xml version="1.0" encoding="UTF-8"?>
<!-- Generated by org.testng.reporters.JUnitReportReporter -->
<testsuite hostname="DESKTOP-1BLE9HI" failures="0" tests="3" name="AmazonPageTest.ProductSearchPageTest" time="2.184" errors="0" timestamp="2024-06-21T10:52:43 IST" skipped="0">
  <testcase classname="AmazonPageTest.ProductSearchPageTest" name="testsearch" time="0.085"/>
  <system-out/>
  <testcase classname="AmazonPageTest.ProductSearchPageTest" name="Testsearch" time="2.089"/>
  <system-out/>
  <testcase classname="AmazonPageTest.ProductSearchPageTest" name="testurl" time="0.010"/>
  <system-out/>
</testsuite> <!-- AmazonPageTest.ProductSearchPageTest -->
