<?xml version="1.0" encoding="UTF-8"?>
<!-- Generated by org.testng.reporters.JUnitReportReporter -->
<testsuite hostname="DESKTOP-1BLE9HI" failures="0" tests="2" name="AmazonPageTest.WatchesPageTest" time="0.304" errors="0" timestamp="2024-06-21T20:09:15 IST" skipped="0">
  <testcase classname="AmazonPageTest.WatchesPageTest" name="testWatches" time="0.016"/>
  <system-out/>
  <testcase classname="AmazonPageTest.WatchesPageTest" name="testwatches" time="0.288"/>
  <system-out/>
</testsuite> <!-- AmazonPageTest.WatchesPageTest -->
