<?xml version="1.0" encoding="UTF-8"?>
<!-- Generated by org.testng.reporters.JUnitReportReporter -->
<testsuite hostname="DESKTOP-1BLE9HI" failures="0" tests="3" name="TestPageTest.GooglePageTest" time="2.754" errors="0" timestamp="2024-06-19T22:32:26 IST" skipped="0">
  <testcase classname="TestPageTest.GooglePageTest" name="test" time="0.267"/>
  <system-out/>
  <testcase classname="TestPageTest.GooglePageTest" name="element" time="2.465"/>
  <system-out/>
  <testcase classname="TestPageTest.GooglePageTest" name="scrollpoint" time="0.022"/>
  <system-out/>
</testsuite> <!-- TestPageTest.GooglePageTest -->
